<?xml version="1.0" encoding="UTF-8"?>
<testsuite xmlns:xsi="http://www.w3.org/2001/XMLSchema-instance" xsi:noNamespaceSchemaLocation="https://maven.apache.org/surefire/maven-failsafe-plugin/xsd/failsafe-test-report.xsd" name="com.sura.frauddetection.runner.TestDefraudadores" time="2.925" tests="47" errors="0" skipped="0" failures="32">
  <properties>
[...]
</properties>
  <testcase name="prediccion[1]" classname="com.sura.frauddetection.runner.TestDefraudadores" time="0.077"/>
  <testcase name="prediccion[3]" classname="com.sura.frauddetection.runner.TestDefraudadores" time="0.077"/>
  <testcase name="prediccion[0]" classname="com.sura.frauddetection.runner.TestDefraudadores" time="0.106">
    <failure message="El empleado expected:&lt;[S]ospechoso de fraude&gt; but was:&lt;[No es s]ospechoso de fraude&gt;" type="java.lang.AssertionError"><![CDATA[java.lang.AssertionError: El empleado expected:<[S]ospechoso de fraude> but was:<[No es s]ospechoso de fraude>
	at com.sura.frauddetection.runner.TestDefraudadores.prediccion(TestDefraudadores.java:37)
]]></failure>
    <system-err><![CDATA[[TestDefraudadores-1-thread-4] INFO net.thucydides.core.steps.ConsoleLoggingListener - &amp#27;[92m
        __    _____ _____ ____ _____   ____   _    ____  ____  _____ ____  
  _     \ \  |_   _| ____/ ___|_   _| |  _ \ / \  / ___|/ ___|| ____|  _ \ 
 (_)_____| |   | | |  _| \___ \ | |   | |_) / _ \ \___ \\___ \|  _| | | | |
  _|_____| |   | | | |___ ___) || |   |  __/ ___ \ ___) |___) | |___| |_| |
 (_)     | |   |_| |_____|____/ |_|   |_| /_/   \_\____/|____/|_____|____/ 
        /_/                                                                

TEST PASSED: Prediccion
----------------------------------------------------------------------------&amp#27;[0m
]]></system-err>
  </testcase>
  <testcase name="prediccion[0]" classname="com.sura.frauddetection.runner.TestDefraudadores" time="0.003">
    <failure message="El empleado expected:&lt;[S]ospechoso de fraude&gt; but was:&lt;[No es s]ospechoso de fraude&gt;" type="java.lang.AssertionError"><![CDATA[java.lang.AssertionError: El empleado expected:<[S]ospechoso de fraude> but was:<[No es s]ospechoso de fraude>
	at com.sura.frauddetection.runner.TestDefraudadores.prediccion(TestDefraudadores.java:37)
]]></failure>
  </testcase>
  <testcase name="prediccion[2]" classname="com.sura.frauddetection.runner.TestDefraudadores" time="0.106">
    <failure message="El empleado expected:&lt;[S]ospechoso de fraude&gt; but was:&lt;[No es s]ospechoso de fraude&gt;" type="java.lang.AssertionError"><![CDATA[java.lang.AssertionError: El empleado expected:<[S]ospechoso de fraude> but was:<[No es s]ospechoso de fraude>
	at com.sura.frauddetection.runner.TestDefraudadores.prediccion(TestDefraudadores.java:37)
]]></failure>
  </testcase>
  <testcase name="prediccion[2]" classname="com.sura.frauddetection.runner.TestDefraudadores" time="0.008">
    <failure message="El empleado expected:&lt;[S]ospechoso de fraude&gt; but was:&lt;[No es s]ospechoso de fraude&gt;" type="java.lang.AssertionError"><![CDATA[java.lang.AssertionError: El empleado expected:<[S]ospechoso de fraude> but was:<[No es s]ospechoso de fraude>
	at com.sura.frauddetection.runner.TestDefraudadores.prediccion(TestDefraudadores.java:37)
]]></failure>
    <system-err><![CDATA[[TestDefraudadores-1-thread-3] ERROR net.thucydides.core.steps.ConsoleLoggingListener - &amp#27;[91m
           __  _____ _____ ____ _____   _____ _    ___ _     _____ ____  
  _       / / |_   _| ____/ ___|_   _| |  ___/ \  |_ _| |   | ____|  _ \ 
 (_)_____| |    | | |  _| \___ \ | |   | |_ / _ \  | || |   |  _| | | | |
  _|_____| |    | | | |___ ___) || |   |  _/ ___ \ | || |___| |___| |_| |
 (_)     | |    |_| |_____|____/ |_|   |_|/_/   \_\___|_____|_____|____/ 
          \_\                                                            

TEST FAILED: Prediccion
--------------------------------------------------------------------------&amp#27;[0m
[TestDefraudadores-1-thread-3] ERROR net.thucydides.core.steps.ConsoleLoggingListener - &amp#27;[91mTEST FAILED AT STEP Entonces se debe obtener una prediccion&amp#27;[0m
[TestDefraudadores-1-thread-3] ERROR net.thucydides.core.steps.ConsoleLoggingListener - El empleado expected:<[S]ospechoso de fraude> but was:<[No es s]ospechoso de fraude>
[TestDefraudadores-1-thread-2] INFO net.thucydides.core.steps.ConsoleLoggingListener - &amp#27;[92m
        __    _____ _____ ____ _____   ____   _    ____  ____  _____ ____  
  _     \ \  |_   _| ____/ ___|_   _| |  _ \ / \  / ___|/ ___|| ____|  _ \ 
 (_)_____| |   | | |  _| \___ \ | |   | |_) / _ \ \___ \\___ \|  _| | | | |
  _|_____| |   | | | |___ ___) || |   |  __/ ___ \ ___) |___) | |___| |_| |
 (_)     | |   |_| |_____|____/ |_|   |_| /_/   \_\____/|____/|_____|____/ 
        /_/                                                                

TEST PASSED: Prediccion
----------------------------------------------------------------------------&amp#27;[0m
[TestDefraudadores-1-thread-3] INFO net.serenitybdd.junit.runners.SerenityRunner - Retrying class com.sura.frauddetection.runner.TestDefraudadores prediccion: attempt 0
[TestDefraudadores-1-thread-3] INFO net.thucydides.core.steps.ConsoleLoggingListener - 
 _____ _____ ____ _____   ____ _____  _    ____ _____ _____ ____  
|_   _| ____/ ___|_   _| / ___|_   _|/ \  |  _ \_   _| ____|  _ \ 
  | | |  _| \___ \ | |   \___ \ | | / _ \ | |_) || | |  _| | | | |
  | | | |___ ___) || |    ___) || |/ ___ \|  _ < | | | |___| |_| |
  |_| |_____|____/ |_|   |____/ |_/_/   \_\_| \_\|_| |_____|____/ 
                                                                  

TEST STARTED: prediccion[2]
-------------------------------------------------------------------
[TestDefraudadores-1-thread-3] INFO net.serenitybdd.core.Serenity - TEST NUMBER: 5
[TestDefraudadores-1-thread-1] ERROR net.thucydides.core.steps.ConsoleLoggingListener - &amp#27;[91m
           __  _____ _____ ____ _____   _____ _    ___ _     _____ ____  
  _       / / |_   _| ____/ ___|_   _| |  ___/ \  |_ _| |   | ____|  _ \ 
 (_)_____| |    | | |  _| \___ \ | |   | |_ / _ \  | || |   |  _| | | | |
  _|_____| |    | | | |___ ___) || |   |  _/ ___ \ | || |___| |___| |_| |
 (_)     | |    |_| |_____|____/ |_|   |_|/_/   \_\___|_____|_____|____/ 
          \_\                                                            

TEST FAILED: Prediccion
--------------------------------------------------------------------------&amp#27;[0m
[TestDefraudadores-1-thread-1] ERROR net.thucydides.core.steps.ConsoleLoggingListener - &amp#27;[91mTEST FAILED AT STEP Entonces se debe obtener una prediccion&amp#27;[0m
[TestDefraudadores-1-thread-1] ERROR net.thucydides.core.steps.ConsoleLoggingListener - El empleado expected:<[S]ospechoso de fraude> but was:<[No es s]ospechoso de fraude>
]]></system-err>
  </testcase>
  <testcase name="prediccion[4]" classname="com.sura.frauddetection.runner.TestDefraudadores" time="0.005">
    <failure message="El empleado expected:&lt;[S]ospechoso de fraude&gt; but was:&lt;[No es s]ospechoso de fraude&gt;" type="java.lang.AssertionError"><![CDATA[java.lang.AssertionError: El empleado expected:<[S]ospechoso de fraude> but was:<[No es s]ospechoso de fraude>
	at com.sura.frauddetection.runner.TestDefraudadores.prediccion(TestDefraudadores.java:37)
]]></failure>
    <system-err><![CDATA[[TestDefraudadores-1-thread-1] INFO net.serenitybdd.junit.runners.SerenityRunner - Retrying class com.sura.frauddetection.runner.TestDefraudadores prediccion: attempt 0
[TestDefraudadores-1-thread-3] ERROR net.thucydides.core.steps.ConsoleLoggingListener - &amp#27;[91m
           __  _____ _____ ____ _____   _____ _    ___ _     _____ ____  
  _       / / |_   _| ____/ ___|_   _| |  ___/ \  |_ _| |   | ____|  _ \ 
 (_)_____| |    | | |  _| \___ \ | |   | |_ / _ \  | || |   |  _| | | | |
  _|_____| |    | | | |___ ___) || |   |  _/ ___ \ | || |___| |___| |_| |
 (_)     | |    |_| |_____|____/ |_|   |_|/_/   \_\___|_____|_____|____/ 
          \_\                                                            

TEST FAILED: Prediccion
--------------------------------------------------------------------------&amp#27;[0m
[TestDefraudadores-1-thread-3] ERROR net.thucydides.core.steps.ConsoleLoggingListener - &amp#27;[91mTEST FAILED AT STEP Entonces se debe obtener una prediccion&amp#27;[0m
[TestDefraudadores-1-thread-3] ERROR net.thucydides.core.steps.ConsoleLoggingListener - El empleado expected:<[S]ospechoso de fraude> but was:<[No es s]ospechoso de fraude>
[TestDefraudadores-1-thread-4] INFO net.thucydides.core.steps.ConsoleLoggingListener - Test Suite Started: Test defraudadores
[TestDefraudadores-1-thread-4] INFO net.thucydides.core.steps.ConsoleLoggingListener - 
 _____ _____ ____ _____   ____ _____  _    ____ _____ _____ ____  
|_   _| ____/ ___|_   _| / ___|_   _|/ \  |  _ \_   _| ____|  _ \ 
  | | |  _| \___ \ | |   \___ \ | | / _ \ | |_) || | |  _| | | | |
  | | | |___ ___) || |    ___) || |/ ___ \|  _ < | | | |___| |_| |
  |_| |_____|____/ |_|   |____/ |_/_/   \_\_| \_\|_| |_____|____/ 
                                                                  

TEST STARTED: prediccion[4]
-------------------------------------------------------------------
[TestDefraudadores-1-thread-4] INFO net.serenitybdd.core.Serenity - TEST NUMBER: 6
[TestDefraudadores-1-thread-1] INFO net.thucydides.core.steps.ConsoleLoggingListener - 
 _____ _____ ____ _____   ____ _____  _    ____ _____ _____ ____  
|_   _| ____/ ___|_   _| / ___|_   _|/ \  |  _ \_   _| ____|  _ \ 
  | | |  _| \___ \ | |   \___ \ | | / _ \ | |_) || | |  _| | | | |
  | | | |___ ___) || |    ___) || |/ ___ \|  _ < | | | |___| |_| |
  |_| |_____|____/ |_|   |____/ |_/_/   \_\_| \_\|_| |_____|____/ 
                                                                  

TEST STARTED: prediccion[0]
-------------------------------------------------------------------
[TestDefraudadores-1-thread-1] INFO net.serenitybdd.core.Serenity - TEST NUMBER: 7
[TestDefraudadores-1-thread-2] INFO net.thucydides.core.steps.ConsoleLoggingListener - Test Suite Started: Test defraudadores
[TestDefraudadores-1-thread-2] INFO net.thucydides.core.steps.ConsoleLoggingListener - 
 _____ _____ ____ _____   ____ _____  _    ____ _____ _____ ____  
|_   _| ____/ ___|_   _| / ___|_   _|/ \  |  _ \_   _| ____|  _ \ 
  | | |  _| \___ \ | |   \___ \ | | / _ \ | |_) || | |  _| | | | |
  | | | |___ ___) || |    ___) || |/ ___ \|  _ < | | | |___| |_| |
  |_| |_____|____/ |_|   |____/ |_/_/   \_\_| \_\|_| |_____|____/ 
                                                                  

TEST STARTED: prediccion[5]
-------------------------------------------------------------------
[TestDefraudadores-1-thread-2] INFO net.serenitybdd.core.Serenity - TEST NUMBER: 8
]]></system-err>
  </testcase>
  <testcase name="prediccion[4]" classname="com.sura.frauddetection.runner.TestDefraudadores" time="0.007">
    <failure message="El empleado expected:&lt;[S]ospechoso de fraude&gt; but was:&lt;[No es s]ospechoso de fraude&gt;" type="java.lang.AssertionError"><![CDATA[java.lang.AssertionError: El empleado expected:<[S]ospechoso de fraude> but was:<[No es s]ospechoso de fraude>
	at com.sura.frauddetection.runner.TestDefraudadores.prediccion(TestDefraudadores.java:37)
]]></failure>
  </testcase>
  <testcase name="prediccion[5]" classname="com.sura.frauddetection.runner.TestDefraudadores" time="0.003"/>
  <testcase name="prediccion[6]" classname="com.sura.frauddetection.runner.TestDefraudadores" time="0.007">
    <failure message="El empleado expected:&lt;[S]ospechoso de fraude&gt; but was:&lt;[No es s]ospechoso de fraude&gt;" type="java.lang.AssertionError"><![CDATA[java.lang.AssertionError: El empleado expected:<[S]ospechoso de fraude> but was:<[No es s]ospechoso de fraude>
	at com.sura.frauddetection.runner.TestDefraudadores.prediccion(TestDefraudadores.java:37)
]]></failure>
    <system-err><![CDATA[[TestDefraudadores-1-thread-4] ERROR net.thucydides.core.steps.ConsoleLoggingListener - &amp#27;[91m
           __  _____ _____ ____ _____   _____ _    ___ _     _____ ____  
  _       / / |_   _| ____/ ___|_   _| |  ___/ \  |_ _| |   | ____|  _ \ 
 (_)_____| |    | | |  _| \___ \ | |   | |_ / _ \  | || |   |  _| | | | |
  _|_____| |    | | | |___ ___) || |   |  _/ ___ \ | || |___| |___| |_| |
 (_)     | |    |_| |_____|____/ |_|   |_|/_/   \_\___|_____|_____|____/ 
          \_\                                                            

TEST FAILED: Prediccion
--------------------------------------------------------------------------&amp#27;[0m
[TestDefraudadores-1-thread-4] ERROR net.thucydides.core.steps.ConsoleLoggingListener - &amp#27;[91mTEST FAILED AT STEP Entonces se debe obtener una prediccion&amp#27;[0m
[TestDefraudadores-1-thread-4] ERROR net.thucydides.core.steps.ConsoleLoggingListener - El empleado expected:<[S]ospechoso de fraude> but was:<[No es s]ospechoso de fraude>
]]></system-err>
  </testcase>
  <testcase name="prediccion[6]" classname="com.sura.frauddetection.runner.TestDefraudadores" time="0">
    <failure message="El empleado expected:&lt;[S]ospechoso de fraude&gt; but was:&lt;[No es s]ospechoso de fraude&gt;" type="java.lang.AssertionError"><![CDATA[java.lang.AssertionError: El empleado expected:<[S]ospechoso de fraude> but was:<[No es s]ospechoso de fraude>
	at com.sura.frauddetection.runner.TestDefraudadores.prediccion(TestDefraudadores.java:37)
]]></failure>
    <system-err><![CDATA[[TestDefraudadores-1-thread-3] ERROR net.thucydides.core.steps.ConsoleLoggingListener - &amp#27;[91m
           __  _____ _____ ____ _____   _____ _    ___ _     _____ ____  
  _       / / |_   _| ____/ ___|_   _| |  ___/ \  |_ _| |   | ____|  _ \ 
 (_)_____| |    | | |  _| \___ \ | |   | |_ / _ \  | || |   |  _| | | | |
  _|_____| |    | | | |___ ___) || |   |  _/ ___ \ | || |___| |___| |_| |
 (_)     | |    |_| |_____|____/ |_|   |_|/_/   \_\___|_____|_____|____/ 
          \_\                                                            

TEST FAILED: Prediccion
--------------------------------------------------------------------------&amp#27;[0m
[TestDefraudadores-1-thread-3] ERROR net.thucydides.core.steps.ConsoleLoggingListener - &amp#27;[91mTEST FAILED AT STEP Entonces se debe obtener una prediccion&amp#27;[0m
[TestDefraudadores-1-thread-3] ERROR net.thucydides.core.steps.ConsoleLoggingListener - El empleado expected:<[S]ospechoso de fraude> but was:<[No es s]ospechoso de fraude>
[TestDefraudadores-1-thread-3] INFO net.serenitybdd.junit.runners.SerenityRunner - Retrying class com.sura.frauddetection.runner.TestDefraudadores prediccion: attempt 0
[TestDefraudadores-1-thread-3] INFO net.thucydides.core.steps.ConsoleLoggingListener - 
 _____ _____ ____ _____   ____ _____  _    ____ _____ _____ ____  
|_   _| ____/ ___|_   _| / ___|_   _|/ \  |  _ \_   _| ____|  _ \ 
  | | |  _| \___ \ | |   \___ \ | | / _ \ | |_) || | |  _| | | | |
  | | | |___ ___) || |    ___) || |/ ___ \|  _ < | | | |___| |_| |
  |_| |_____|____/ |_|   |____/ |_/_/   \_\_| \_\|_| |_____|____/ 
                                                                  

TEST STARTED: prediccion[6]
-------------------------------------------------------------------
[TestDefraudadores-1-thread-3] INFO net.serenitybdd.core.Serenity - TEST NUMBER: 10
[TestDefraudadores-1-thread-2] INFO net.thucydides.core.steps.ConsoleLoggingListener - &amp#27;[92m
        __    _____ _____ ____ _____   ____   _    ____  ____  _____ ____  
  _     \ \  |_   _| ____/ ___|_   _| |  _ \ / \  / ___|/ ___|| ____|  _ \ 
 (_)_____| |   | | |  _| \___ \ | |   | |_) / _ \ \___ \\___ \|  _| | | | |
  _|_____| |   | | | |___ ___) || |   |  __/ ___ \ ___) |___) | |___| |_| |
 (_)     | |   |_| |_____|____/ |_|   |_| /_/   \_\____/|____/|_____|____/ 
        /_/                                                                

TEST PASSED: Prediccion
----------------------------------------------------------------------------&amp#27;[0m
[TestDefraudadores-1-thread-1] ERROR net.thucydides.core.steps.ConsoleLoggingListener - &amp#27;[91m
           __  _____ _____ ____ _____   _____ _    ___ _     _____ ____  
  _       / / |_   _| ____/ ___|_   _| |  ___/ \  |_ _| |   | ____|  _ \ 
 (_)_____| |    | | |  _| \___ \ | |   | |_ / _ \  | || |   |  _| | | | |
  _|_____| |    | | | |___ ___) || |   |  _/ ___ \ | || |___| |___| |_| |
 (_)     | |    |_| |_____|____/ |_|   |_|/_/   \_\___|_____|_____|____/ 
          \_\                                                            

TEST FAILED: Prediccion
--------------------------------------------------------------------------&amp#27;[0m
[TestDefraudadores-1-thread-1] ERROR net.thucydides.core.steps.ConsoleLoggingListener - &amp#27;[91mTEST FAILED AT STEP Entonces se debe obtener una prediccion&amp#27;[0m
[TestDefraudadores-1-thread-1] ERROR net.thucydides.core.steps.ConsoleLoggingListener - El empleado expected:<[S]ospechoso de fraude> but was:<[No es s]ospechoso de fraude>
[TestDefraudadores-1-thread-4] INFO net.serenitybdd.junit.runners.SerenityRunner - Retrying class com.sura.frauddetection.runner.TestDefraudadores prediccion: attempt 0
]]></system-err>
  </testcase>
  <testcase name="prediccion[9]" classname="com.sura.frauddetection.runner.TestDefraudadores" time="0.007"/>
  <testcase name="prediccion[7]" classname="com.sura.frauddetection.runner.TestDefraudadores" time="0.008"/>
  <testcase name="prediccion[8]" classname="com.sura.frauddetection.runner.TestDefraudadores" time="0.015">
    <failure message="El empleado expected:&lt;[S]ospechoso de fraude&gt; but was:&lt;[No es s]ospechoso de fraude&gt;" type="java.lang.AssertionError"><![CDATA[java.lang.AssertionError: El empleado expected:<[S]ospechoso de fraude> but was:<[No es s]ospechoso de fraude>
	at com.sura.frauddetection.runner.TestDefraudadores.prediccion(TestDefraudadores.java:37)
]]></failure>
    <system-err><![CDATA[[TestDefraudadores-1-thread-4] ERROR net.thucydides.core.steps.ConsoleLoggingListener - &amp#27;[91m
           __  _____ _____ ____ _____   _____ _    ___ _     _____ ____  
  _       / / |_   _| ____/ ___|_   _| |  ___/ \  |_ _| |   | ____|  _ \ 
 (_)_____| |    | | |  _| \___ \ | |   | |_ / _ \  | || |   |  _| | | | |
  _|_____| |    | | | |___ ___) || |   |  _/ ___ \ | || |___| |___| |_| |
 (_)     | |    |_| |_____|____/ |_|   |_|/_/   \_\___|_____|_____|____/ 
          \_\                                                            

TEST FAILED: Prediccion
--------------------------------------------------------------------------&amp#27;[0m
[TestDefraudadores-1-thread-4] ERROR net.thucydides.core.steps.ConsoleLoggingListener - &amp#27;[91mTEST FAILED AT STEP Entonces se debe obtener una prediccion&amp#27;[0m
[TestDefraudadores-1-thread-4] ERROR net.thucydides.core.steps.ConsoleLoggingListener - El empleado expected:<[S]ospechoso de fraude> but was:<[No es s]ospechoso de fraude>
[TestDefraudadores-1-thread-2] INFO net.thucydides.core.steps.ConsoleLoggingListener - &amp#27;[92m
        __    _____ _____ ____ _____   ____   _    ____  ____  _____ ____  
  _     \ \  |_   _| ____/ ___|_   _| |  _ \ / \  / ___|/ ___|| ____|  _ \ 
 (_)_____| |   | | |  _| \___ \ | |   | |_) / _ \ \___ \\___ \|  _| | | | |
  _|_____| |   | | | |___ ___) || |   |  __/ ___ \ ___) |___) | |___| |_| |
 (_)     | |   |_| |_____|____/ |_|   |_| /_/   \_\____/|____/|_____|____/ 
        /_/                                                                

TEST PASSED: Prediccion
----------------------------------------------------------------------------&amp#27;[0m
]]></system-err>
  </testcase>
  <testcase name="prediccion[8]" classname="com.sura.frauddetection.runner.TestDefraudadores" time="0.009">
    <failure message="El empleado expected:&lt;[S]ospechoso de fraude&gt; but was:&lt;[No es s]ospechoso de fraude&gt;" type="java.lang.AssertionError"><![CDATA[java.lang.AssertionError: El empleado expected:<[S]ospechoso de fraude> but was:<[No es s]ospechoso de fraude>
	at com.sura.frauddetection.runner.TestDefraudadores.prediccion(TestDefraudadores.java:37)
]]></failure>
    <system-err><![CDATA[[TestDefraudadores-1-thread-3] INFO net.thucydides.core.steps.ConsoleLoggingListener - Test Suite Started: Test defraudadores
[TestDefraudadores-1-thread-3] INFO net.thucydides.core.steps.ConsoleLoggingListener - 
 _____ _____ ____ _____   ____ _____  _    ____ _____ _____ ____  
|_   _| ____/ ___|_   _| / ___|_   _|/ \  |  _ \_   _| ____|  _ \ 
  | | |  _| \___ \ | |   \___ \ | | / _ \ | |_) || | |  _| | | | |
  | | | |___ ___) || |    ___) || |/ ___ \|  _ < | | | |___| |_| |
  |_| |_____|____/ |_|   |____/ |_/_/   \_\_| \_\|_| |_____|____/ 
                                                                  

TEST STARTED: prediccion[12]
-------------------------------------------------------------------
[TestDefraudadores-1-thread-3] INFO net.serenitybdd.core.Serenity - TEST NUMBER: 18
]]></system-err>
  </testcase>
  <testcase name="prediccion[10]" classname="com.sura.frauddetection.runner.TestDefraudadores" time="0.006">
    <failure message="El empleado expected:&lt;[S]ospechoso de fraude&gt; but was:&lt;[No es s]ospechoso de fraude&gt;" type="java.lang.AssertionError"><![CDATA[java.lang.AssertionError: El empleado expected:<[S]ospechoso de fraude> but was:<[No es s]ospechoso de fraude>
	at com.sura.frauddetection.runner.TestDefraudadores.prediccion(TestDefraudadores.java:37)
]]></failure>
    <system-err><![CDATA[[TestDefraudadores-1-thread-1] ERROR net.thucydides.core.steps.ConsoleLoggingListener - &amp#27;[91m
           __  _____ _____ ____ _____   _____ _    ___ _     _____ ____  
  _       / / |_   _| ____/ ___|_   _| |  ___/ \  |_ _| |   | ____|  _ \ 
 (_)_____| |    | | |  _| \___ \ | |   | |_ / _ \  | || |   |  _| | | | |
  _|_____| |    | | | |___ ___) || |   |  _/ ___ \ | || |___| |___| |_| |
 (_)     | |    |_| |_____|____/ |_|   |_|/_/   \_\___|_____|_____|____/ 
          \_\                                                            

TEST FAILED: Prediccion
--------------------------------------------------------------------------&amp#27;[0m
[TestDefraudadores-1-thread-1] ERROR net.thucydides.core.steps.ConsoleLoggingListener - &amp#27;[91mTEST FAILED AT STEP Entonces se debe obtener una prediccion&amp#27;[0m
[TestDefraudadores-1-thread-1] ERROR net.thucydides.core.steps.ConsoleLoggingListener - El empleado expected:<[S]ospechoso de fraude> but was:<[No es s]ospechoso de fraude>
[TestDefraudadores-1-thread-3] INFO net.thucydides.core.steps.ConsoleLoggingListener - &amp#27;[92m
        __    _____ _____ ____ _____   ____   _    ____  ____  _____ ____  
  _     \ \  |_   _| ____/ ___|_   _| |  _ \ / \  / ___|/ ___|| ____|  _ \ 
 (_)_____| |   | | |  _| \___ \ | |   | |_) / _ \ \___ \\___ \|  _| | | | |
  _|_____| |   | | | |___ ___) || |   |  __/ ___ \ ___) |___) | |___| |_| |
 (_)     | |   |_| |_____|____/ |_|   |_| /_/   \_\____/|____/|_____|____/ 
        /_/                                                                

TEST PASSED: Prediccion
----------------------------------------------------------------------------&amp#27;[0m
[TestDefraudadores-1-thread-1] INFO net.serenitybdd.junit.runners.SerenityRunner - Retrying class com.sura.frauddetection.runner.TestDefraudadores prediccion: attempt 0
[TestDefraudadores-1-thread-4] INFO net.thucydides.core.steps.ConsoleLoggingListener - Test Suite Started: Test defraudadores
[TestDefraudadores-1-thread-4] INFO net.thucydides.core.steps.ConsoleLoggingListener - 
 _____ _____ ____ _____   ____ _____  _    ____ _____ _____ ____  
|_   _| ____/ ___|_   _| / ___|_   _|/ \  |  _ \_   _| ____|  _ \ 
  | | |  _| \___ \ | |   \___ \ | | / _ \ | |_) || | |  _| | | | |
  | | | |___ ___) || |    ___) || |/ ___ \|  _ < | | | |___| |_| |
  |_| |_____|____/ |_|   |____/ |_/_/   \_\_| \_\|_| |_____|____/ 
                                                                  

TEST STARTED: prediccion[10]
-------------------------------------------------------------------
[TestDefraudadores-1-thread-4] INFO net.serenitybdd.core.Serenity - TEST NUMBER: 15
[TestDefraudadores-1-thread-1] INFO net.thucydides.core.steps.ConsoleLoggingListener - 
 _____ _____ ____ _____   ____ _____  _    ____ _____ _____ ____  
|_   _| ____/ ___|_   _| / ___|_   _|/ \  |  _ \_   _| ____|  _ \ 
  | | |  _| \___ \ | |   \___ \ | | / _ \ | |_) || | |  _| | | | |
  | | | |___ ___) || |    ___) || |/ ___ \|  _ < | | | |___| |_| |
  |_| |_____|____/ |_|   |____/ |_/_/   \_\_| \_\|_| |_____|____/ 
                                                                  

TEST STARTED: prediccion[8]
-------------------------------------------------------------------
[TestDefraudadores-1-thread-1] INFO net.serenitybdd.core.Serenity - TEST NUMBER: 16
[TestDefraudadores-1-thread-2] INFO net.thucydides.core.steps.ConsoleLoggingListener - Test Suite Started: Test defraudadores
[TestDefraudadores-1-thread-2] INFO net.thucydides.core.steps.ConsoleLoggingListener - 
 _____ _____ ____ _____   ____ _____  _    ____ _____ _____ ____  
|_   _| ____/ ___|_   _| / ___|_   _|/ \  |  _ \_   _| ____|  _ \ 
  | | |  _| \___ \ | |   \___ \ | | / _ \ | |_) || | |  _| | | | |
  | | | |___ ___) || |    ___) || |/ ___ \|  _ < | | | |___| |_| |
  |_| |_____|____/ |_|   |____/ |_/_/   \_\_| \_\|_| |_____|____/ 
                                                                  

TEST STARTED: prediccion[11]
-------------------------------------------------------------------
[TestDefraudadores-1-thread-2] INFO net.serenitybdd.core.Serenity - TEST NUMBER: 17
]]></system-err>
  </testcase>
  <testcase name="prediccion[10]" classname="com.sura.frauddetection.runner.TestDefraudadores" time="0.009">
    <failure message="El empleado expected:&lt;[S]ospechoso de fraude&gt; but was:&lt;[No es s]ospechoso de fraude&gt;" type="java.lang.AssertionError"><![CDATA[java.lang.AssertionError: El empleado expected:<[S]ospechoso de fraude> but was:<[No es s]ospechoso de fraude>
	at com.sura.frauddetection.runner.TestDefraudadores.prediccion(TestDefraudadores.java:37)
]]></failure>
    <system-err><![CDATA[[TestDefraudadores-1-thread-2] INFO net.thucydides.core.steps.ConsoleLoggingListener - &amp#27;[92m
        __    _____ _____ ____ _____   ____   _    ____  ____  _____ ____  
  _     \ \  |_   _| ____/ ___|_   _| |  _ \ / \  / ___|/ ___|| ____|  _ \ 
 (_)_____| |   | | |  _| \___ \ | |   | |_) / _ \ \___ \\___ \|  _| | | | |
  _|_____| |   | | | |___ ___) || |   |  __/ ___ \ ___) |___) | |___| |_| |
 (_)     | |   |_| |_____|____/ |_|   |_| /_/   \_\____/|____/|_____|____/ 
        /_/                                                                

TEST PASSED: Prediccion
----------------------------------------------------------------------------&amp#27;[0m
]]></system-err>
  </testcase>
  <testcase name="prediccion[11]" classname="com.sura.frauddetection.runner.TestDefraudadores" time="0.01"/>
  <testcase name="prediccion[12]" classname="com.sura.frauddetection.runner.TestDefraudadores" time="0">
    <failure message="El empleado expected:&lt;[S]ospechoso de fraude&gt; but was:&lt;[No es s]ospechoso de fraude&gt;" type="java.lang.AssertionError"><![CDATA[java.lang.AssertionError: El empleado expected:<[S]ospechoso de fraude> but was:<[No es s]ospechoso de fraude>
	at com.sura.frauddetection.runner.TestDefraudadores.prediccion(TestDefraudadores.java:37)
]]></failure>
    <system-err><![CDATA[[TestDefraudadores-1-thread-2] INFO net.thucydides.core.steps.ConsoleLoggingListener - &amp#27;[92m
        __    _____ _____ ____ _____   ____   _    ____  ____  _____ ____  
  _     \ \  |_   _| ____/ ___|_   _| |  _ \ / \  / ___|/ ___|| ____|  _ \ 
 (_)_____| |   | | |  _| \___ \ | |   | |_) / _ \ \___ \\___ \|  _| | | | |
  _|_____| |   | | | |___ ___) || |   |  __/ ___ \ ___) |___) | |___| |_| |
 (_)     | |   |_| |_____|____/ |_|   |_| /_/   \_\____/|____/|_____|____/ 
        /_/                                                                

TEST PASSED: Prediccion
----------------------------------------------------------------------------&amp#27;[0m
[TestDefraudadores-1-thread-1] ERROR net.thucydides.core.steps.ConsoleLoggingListener - &amp#27;[91m
           __  _____ _____ ____ _____   _____ _    ___ _     _____ ____  
  _       / / |_   _| ____/ ___|_   _| |  ___/ \  |_ _| |   | ____|  _ \ 
 (_)_____| |    | | |  _| \___ \ | |   | |_ / _ \  | || |   |  _| | | | |
  _|_____| |    | | | |___ ___) || |   |  _/ ___ \ | || |___| |___| |_| |
 (_)     | |    |_| |_____|____/ |_|   |_|/_/   \_\___|_____|_____|____/ 
          \_\                                                            

TEST FAILED: Prediccion
--------------------------------------------------------------------------&amp#27;[0m
[TestDefraudadores-1-thread-1] ERROR net.thucydides.core.steps.ConsoleLoggingListener - &amp#27;[91mTEST FAILED AT STEP Entonces se debe obtener una prediccion&amp#27;[0m
[TestDefraudadores-1-thread-1] ERROR net.thucydides.core.steps.ConsoleLoggingListener - El empleado expected:<[S]ospechoso de fraude> but was:<[No es s]ospechoso de fraude>
]]></system-err>
  </testcase>
  <testcase name="prediccion[12]" classname="com.sura.frauddetection.runner.TestDefraudadores" time="0.006">
    <failure message="El empleado expected:&lt;[S]ospechoso de fraude&gt; but was:&lt;[No es s]ospechoso de fraude&gt;" type="java.lang.AssertionError"><![CDATA[java.lang.AssertionError: El empleado expected:<[S]ospechoso de fraude> but was:<[No es s]ospechoso de fraude>
	at com.sura.frauddetection.runner.TestDefraudadores.prediccion(TestDefraudadores.java:37)
]]></failure>
  </testcase>
  <testcase name="prediccion[13]" classname="com.sura.frauddetection.runner.TestDefraudadores" time="0.006"/>
  <testcase name="prediccion[14]" classname="com.sura.frauddetection.runner.TestDefraudadores" time="0.01">
    <failure message="El empleado expected:&lt;[S]ospechoso de fraude&gt; but was:&lt;[No es s]ospechoso de fraude&gt;" type="java.lang.AssertionError"><![CDATA[java.lang.AssertionError: El empleado expected:<[S]ospechoso de fraude> but was:<[No es s]ospechoso de fraude>
	at com.sura.frauddetection.runner.TestDefraudadores.prediccion(TestDefraudadores.java:37)
]]></failure>
  </testcase>
  <testcase name="prediccion[14]" classname="com.sura.frauddetection.runner.TestDefraudadores" time="0.005">
    <failure message="El empleado expected:&lt;[S]ospechoso de fraude&gt; but was:&lt;[No es s]ospechoso de fraude&gt;" type="java.lang.AssertionError"><![CDATA[java.lang.AssertionError: El empleado expected:<[S]ospechoso de fraude> but was:<[No es s]ospechoso de fraude>
	at com.sura.frauddetection.runner.TestDefraudadores.prediccion(TestDefraudadores.java:37)
]]></failure>
  </testcase>
  <testcase name="prediccion[15]" classname="com.sura.frauddetection.runner.TestDefraudadores" time="0.005"/>
  <testcase name="prediccion[16]" classname="com.sura.frauddetection.runner.TestDefraudadores" time="0.004">
    <failure message="El empleado expected:&lt;[S]ospechoso de fraude&gt; but was:&lt;[No es s]ospechoso de fraude&gt;" type="java.lang.AssertionError"><![CDATA[java.lang.AssertionError: El empleado expected:<[S]ospechoso de fraude> but was:<[No es s]ospechoso de fraude>
	at com.sura.frauddetection.runner.TestDefraudadores.prediccion(TestDefraudadores.java:37)
]]></failure>
    <system-err><![CDATA[[TestDefraudadores-1-thread-3] INFO net.thucydides.core.steps.ConsoleLoggingListener - Test Suite Started: Test defraudadores
[TestDefraudadores-1-thread-3] INFO net.thucydides.core.steps.ConsoleLoggingListener - 
 _____ _____ ____ _____   ____ _____  _    ____ _____ _____ ____  
|_   _| ____/ ___|_   _| / ___|_   _|/ \  |  _ \_   _| ____|  _ \ 
  | | |  _| \___ \ | |   \___ \ | | / _ \ | |_) || | |  _| | | | |
  | | | |___ ___) || |    ___) || |/ ___ \|  _ < | | | |___| |_| |
  |_| |_____|____/ |_|   |____/ |_/_/   \_\_| \_\|_| |_____|____/ 
                                                                  

TEST STARTED: prediccion[17]
-------------------------------------------------------------------
[TestDefraudadores-1-thread-3] INFO net.serenitybdd.core.Serenity - TEST NUMBER: 26
]]></system-err>
  </testcase>
  <testcase name="prediccion[16]" classname="com.sura.frauddetection.runner.TestDefraudadores" time="0.01">
    <failure message="El empleado expected:&lt;[S]ospechoso de fraude&gt; but was:&lt;[No es s]ospechoso de fraude&gt;" type="java.lang.AssertionError"><![CDATA[java.lang.AssertionError: El empleado expected:<[S]ospechoso de fraude> but was:<[No es s]ospechoso de fraude>
	at com.sura.frauddetection.runner.TestDefraudadores.prediccion(TestDefraudadores.java:37)
]]></failure>
    <system-err><![CDATA[[TestDefraudadores-1-thread-1] INFO net.thucydides.core.steps.ConsoleLoggingListener - Test Suite Started: Test defraudadores
[TestDefraudadores-1-thread-1] INFO net.thucydides.core.steps.ConsoleLoggingListener - 
 _____ _____ ____ _____   ____ _____  _    ____ _____ _____ ____  
|_   _| ____/ ___|_   _| / ___|_   _|/ \  |  _ \_   _| ____|  _ \ 
  | | |  _| \___ \ | |   \___ \ | | / _ \ | |_) || | |  _| | | | |
  | | | |___ ___) || |    ___) || |/ ___ \|  _ < | | | |___| |_| |
  |_| |_____|____/ |_|   |____/ |_/_/   \_\_| \_\|_| |_____|____/ 
                                                                  

TEST STARTED: prediccion[20]
-------------------------------------------------------------------
[TestDefraudadores-1-thread-1] INFO net.serenitybdd.core.Serenity - TEST NUMBER: 30
[TestDefraudadores-1-thread-2] INFO net.thucydides.core.steps.ConsoleLoggingListener - &amp#27;[92m
        __    _____ _____ ____ _____   ____   _    ____  ____  _____ ____  
  _     \ \  |_   _| ____/ ___|_   _| |  _ \ / \  / ___|/ ___|| ____|  _ \ 
 (_)_____| |   | | |  _| \___ \ | |   | |_) / _ \ \___ \\___ \|  _| | | | |
  _|_____| |   | | | |___ ___) || |   |  __/ ___ \ ___) |___) | |___| |_| |
 (_)     | |   |_| |_____|____/ |_|   |_| /_/   \_\____/|____/|_____|____/ 
        /_/                                                                

TEST PASSED: Prediccion
----------------------------------------------------------------------------&amp#27;[0m
]]></system-err>
  </testcase>
  <testcase name="prediccion[17]" classname="com.sura.frauddetection.runner.TestDefraudadores" time="0.007"/>
  <testcase name="prediccion[19]" classname="com.sura.frauddetection.runner.TestDefraudadores" time="0.005"/>
  <testcase name="prediccion[18]" classname="com.sura.frauddetection.runner.TestDefraudadores" time="0.005">
    <failure message="El empleado expected:&lt;[S]ospechoso de fraude&gt; but was:&lt;[No es s]ospechoso de fraude&gt;" type="java.lang.AssertionError"><![CDATA[java.lang.AssertionError: El empleado expected:<[S]ospechoso de fraude> but was:<[No es s]ospechoso de fraude>
	at com.sura.frauddetection.runner.TestDefraudadores.prediccion(TestDefraudadores.java:37)
]]></failure>
  </testcase>
  <testcase name="prediccion[18]" classname="com.sura.frauddetection.runner.TestDefraudadores" time="0.004">
    <failure message="El empleado expected:&lt;[S]ospechoso de fraude&gt; but was:&lt;[No es s]ospechoso de fraude&gt;" type="java.lang.AssertionError"><![CDATA[java.lang.AssertionError: El empleado expected:<[S]ospechoso de fraude> but was:<[No es s]ospechoso de fraude>
	at com.sura.frauddetection.runner.TestDefraudadores.prediccion(TestDefraudadores.java:37)
]]></failure>
  </testcase>
  <testcase name="prediccion[20]" classname="com.sura.frauddetection.runner.TestDefraudadores" time="0.01">
    <failure message="El empleado expected:&lt;[S]ospechoso de fraude&gt; but was:&lt;[No es s]ospechoso de fraude&gt;" type="java.lang.AssertionError"><![CDATA[java.lang.AssertionError: El empleado expected:<[S]ospechoso de fraude> but was:<[No es s]ospechoso de fraude>
	at com.sura.frauddetection.runner.TestDefraudadores.prediccion(TestDefraudadores.java:37)
]]></failure>
  </testcase>
  <testcase name="prediccion[20]" classname="com.sura.frauddetection.runner.TestDefraudadores" time="0.004">
    <failure message="El empleado expected:&lt;[S]ospechoso de fraude&gt; but was:&lt;[No es s]ospechoso de fraude&gt;" type="java.lang.AssertionError"><![CDATA[java.lang.AssertionError: El empleado expected:<[S]ospechoso de fraude> but was:<[No es s]ospechoso de fraude>
	at com.sura.frauddetection.runner.TestDefraudadores.prediccion(TestDefraudadores.java:37)
]]></failure>
  </testcase>
  <testcase name="prediccion[21]" classname="com.sura.frauddetection.runner.TestDefraudadores" time="0.007"/>
  <testcase name="prediccion[22]" classname="com.sura.frauddetection.runner.TestDefraudadores" time="0.004">
    <failure message="El empleado expected:&lt;[S]ospechoso de fraude&gt; but was:&lt;[No es s]ospechoso de fraude&gt;" type="java.lang.AssertionError"><![CDATA[java.lang.AssertionError: El empleado expected:<[S]ospechoso de fraude> but was:<[No es s]ospechoso de fraude>
	at com.sura.frauddetection.runner.TestDefraudadores.prediccion(TestDefraudadores.java:37)
]]></failure>
    <system-err><![CDATA[[TestDefraudadores-1-thread-1] INFO net.serenitybdd.junit.runners.SerenityRunner - Retrying class com.sura.frauddetection.runner.TestDefraudadores prediccion: attempt 0
[TestDefraudadores-1-thread-3] INFO net.thucydides.core.steps.ConsoleLoggingListener - 
 _____ _____ ____ _____   ____ _____  _    ____ _____ _____ ____  
|_   _| ____/ ___|_   _| / ___|_   _|/ \  |  _ \_   _| ____|  _ \ 
  | | |  _| \___ \ | |   \___ \ | | / _ \ | |_) || | |  _| | | | |
  | | | |___ ___) || |    ___) || |/ ___ \|  _ < | | | |___| |_| |
  |_| |_____|____/ |_|   |____/ |_/_/   \_\_| \_\|_| |_____|____/ 
                                                                  

TEST STARTED: prediccion[18]
-------------------------------------------------------------------
[TestDefraudadores-1-thread-3] INFO net.serenitybdd.core.Serenity - TEST NUMBER: 32
[TestDefraudadores-1-thread-4] ERROR net.thucydides.core.steps.ConsoleLoggingListener - &amp#27;[91m
           __  _____ _____ ____ _____   _____ _    ___ _     _____ ____  
  _       / / |_   _| ____/ ___|_   _| |  ___/ \  |_ _| |   | ____|  _ \ 
 (_)_____| |    | | |  _| \___ \ | |   | |_ / _ \  | || |   |  _| | | | |
  _|_____| |    | | | |___ ___) || |   |  _/ ___ \ | || |___| |___| |_| |
 (_)     | |    |_| |_____|____/ |_|   |_|/_/   \_\___|_____|_____|____/ 
          \_\                                                            

TEST FAILED: Prediccion
--------------------------------------------------------------------------&amp#27;[0m
[TestDefraudadores-1-thread-4] ERROR net.thucydides.core.steps.ConsoleLoggingListener - &amp#27;[91mTEST FAILED AT STEP Entonces se debe obtener una prediccion&amp#27;[0m
[TestDefraudadores-1-thread-4] ERROR net.thucydides.core.steps.ConsoleLoggingListener - El empleado expected:<[S]ospechoso de fraude> but was:<[No es s]ospechoso de fraude>
[TestDefraudadores-1-thread-2] INFO net.thucydides.core.steps.ConsoleLoggingListener - &amp#27;[92m
        __    _____ _____ ____ _____   ____   _    ____  ____  _____ ____  
  _     \ \  |_   _| ____/ ___|_   _| |  _ \ / \  / ___|/ ___|| ____|  _ \ 
 (_)_____| |   | | |  _| \___ \ | |   | |_) / _ \ \___ \\___ \|  _| | | | |
  _|_____| |   | | | |___ ___) || |   |  __/ ___ \ ___) |___) | |___| |_| |
 (_)     | |   |_| |_____|____/ |_|   |_| /_/   \_\____/|____/|_____|____/ 
        /_/                                                                

TEST PASSED: Prediccion
----------------------------------------------------------------------------&amp#27;[0m
[TestDefraudadores-1-thread-1] INFO net.thucydides.core.steps.ConsoleLoggingListener - 
 _____ _____ ____ _____   ____ _____  _    ____ _____ _____ ____  
|_   _| ____/ ___|_   _| / ___|_   _|/ \  |  _ \_   _| ____|  _ \ 
  | | |  _| \___ \ | |   \___ \ | | / _ \ | |_) || | |  _| | | | |
  | | | |___ ___) || |    ___) || |/ ___ \|  _ < | | | |___| |_| |
  |_| |_____|____/ |_|   |____/ |_/_/   \_\_| \_\|_| |_____|____/ 
                                                                  

TEST STARTED: prediccion[20]
-------------------------------------------------------------------
[TestDefraudadores-1-thread-1] INFO net.serenitybdd.core.Serenity - TEST NUMBER: 33
[TestDefraudadores-1-thread-4] INFO net.thucydides.core.steps.ConsoleLoggingListener - Test Suite Started: Test defraudadores
[TestDefraudadores-1-thread-4] INFO net.thucydides.core.steps.ConsoleLoggingListener - 
 _____ _____ ____ _____   ____ _____  _    ____ _____ _____ ____  
|_   _| ____/ ___|_   _| / ___|_   _|/ \  |  _ \_   _| ____|  _ \ 
  | | |  _| \___ \ | |   \___ \ | | / _ \ | |_) || | |  _| | | | |
  | | | |___ ___) || |    ___) || |/ ___ \|  _ < | | | |___| |_| |
  |_| |_____|____/ |_|   |____/ |_/_/   \_\_| \_\|_| |_____|____/ 
                                                                  

TEST STARTED: prediccion[22]
-------------------------------------------------------------------
[TestDefraudadores-1-thread-4] INFO net.serenitybdd.core.Serenity - TEST NUMBER: 34
[TestDefraudadores-1-thread-2] INFO net.thucydides.core.steps.ConsoleLoggingListener - Test Suite Started: Test defraudadores
[TestDefraudadores-1-thread-2] INFO net.thucydides.core.steps.ConsoleLoggingListener - 
 _____ _____ ____ _____   ____ _____  _    ____ _____ _____ ____  
|_   _| ____/ ___|_   _| / ___|_   _|/ \  |  _ \_   _| ____|  _ \ 
  | | |  _| \___ \ | |   \___ \ | | / _ \ | |_) || | |  _| | | | |
  | | | |___ ___) || |    ___) || |/ ___ \|  _ < | | | |___| |_| |
  |_| |_____|____/ |_|   |____/ |_/_/   \_\_| \_\|_| |_____|____/ 
                                                                  

TEST STARTED: prediccion[23]
-------------------------------------------------------------------
[TestDefraudadores-1-thread-2] INFO net.serenitybdd.core.Serenity - TEST NUMBER: 35
]]></system-err>
  </testcase>
  <testcase name="prediccion[22]" classname="com.sura.frauddetection.runner.TestDefraudadores" time="0">
    <failure message="El empleado expected:&lt;[S]ospechoso de fraude&gt; but was:&lt;[No es s]ospechoso de fraude&gt;" type="java.lang.AssertionError"><![CDATA[java.lang.AssertionError: El empleado expected:<[S]ospechoso de fraude> but was:<[No es s]ospechoso de fraude>
	at com.sura.frauddetection.runner.TestDefraudadores.prediccion(TestDefraudadores.java:37)
]]></failure>
    <system-err><![CDATA[[TestDefraudadores-1-thread-3] ERROR net.thucydides.core.steps.ConsoleLoggingListener - &amp#27;[91m
           __  _____ _____ ____ _____   _____ _    ___ _     _____ ____  
  _       / / |_   _| ____/ ___|_   _| |  ___/ \  |_ _| |   | ____|  _ \ 
 (_)_____| |    | | |  _| \___ \ | |   | |_ / _ \  | || |   |  _| | | | |
  _|_____| |    | | | |___ ___) || |   |  _/ ___ \ | || |___| |___| |_| |
 (_)     | |    |_| |_____|____/ |_|   |_|/_/   \_\___|_____|_____|____/ 
          \_\                                                            

TEST FAILED: Prediccion
--------------------------------------------------------------------------&amp#27;[0m
[TestDefraudadores-1-thread-3] ERROR net.thucydides.core.steps.ConsoleLoggingListener - &amp#27;[91mTEST FAILED AT STEP Entonces se debe obtener una prediccion&amp#27;[0m
[TestDefraudadores-1-thread-3] ERROR net.thucydides.core.steps.ConsoleLoggingListener - El empleado expected:<[S]ospechoso de fraude> but was:<[No es s]ospechoso de fraude>
[TestDefraudadores-1-thread-1] ERROR net.thucydides.core.steps.ConsoleLoggingListener - &amp#27;[91m
           __  _____ _____ ____ _____   _____ _    ___ _     _____ ____  
  _       / / |_   _| ____/ ___|_   _| |  ___/ \  |_ _| |   | ____|  _ \ 
 (_)_____| |    | | |  _| \___ \ | |   | |_ / _ \  | || |   |  _| | | | |
  _|_____| |    | | | |___ ___) || |   |  _/ ___ \ | || |___| |___| |_| |
 (_)     | |    |_| |_____|____/ |_|   |_|/_/   \_\___|_____|_____|____/ 
          \_\                                                            

TEST FAILED: Prediccion
--------------------------------------------------------------------------&amp#27;[0m
[TestDefraudadores-1-thread-1] ERROR net.thucydides.core.steps.ConsoleLoggingListener - &amp#27;[91mTEST FAILED AT STEP Entonces se debe obtener una prediccion&amp#27;[0m
[TestDefraudadores-1-thread-1] ERROR net.thucydides.core.steps.ConsoleLoggingListener - El empleado expected:<[S]ospechoso de fraude> but was:<[No es s]ospechoso de fraude>
[TestDefraudadores-1-thread-2] INFO net.thucydides.core.steps.ConsoleLoggingListener - &amp#27;[92m
        __    _____ _____ ____ _____   ____   _    ____  ____  _____ ____  
  _     \ \  |_   _| ____/ ___|_   _| |  _ \ / \  / ___|/ ___|| ____|  _ \ 
 (_)_____| |   | | |  _| \___ \ | |   | |_) / _ \ \___ \\___ \|  _| | | | |
  _|_____| |   | | | |___ ___) || |   |  __/ ___ \ ___) |___) | |___| |_| |
 (_)     | |   |_| |_____|____/ |_|   |_| /_/   \_\____/|____/|_____|____/ 
        /_/                                                                

TEST PASSED: Prediccion
----------------------------------------------------------------------------&amp#27;[0m
[TestDefraudadores-1-thread-4] INFO net.thucydides.core.steps.ConsoleLoggingListener - 
 _____ _____ ____ _____   ____ _____  _    ____ _____ _____ ____  
|_   _| ____/ ___|_   _| / ___|_   _|/ \  |  _ \_   _| ____|  _ \ 
  | | |  _| \___ \ | |   \___ \ | | / _ \ | |_) || | |  _| | | | |
  | | | |___ ___) || |    ___) || |/ ___ \|  _ < | | | |___| |_| |
  |_| |_____|____/ |_|   |____/ |_/_/   \_\_| \_\|_| |_____|____/ 
                                                                  

TEST STARTED: prediccion[22]
-------------------------------------------------------------------
[TestDefraudadores-1-thread-4] INFO net.serenitybdd.core.Serenity - TEST NUMBER: 36
[TestDefraudadores-1-thread-3] INFO net.thucydides.core.steps.ConsoleLoggingListener - Test Suite Started: Test defraudadores
[TestDefraudadores-1-thread-3] INFO net.thucydides.core.steps.ConsoleLoggingListener - 
 _____ _____ ____ _____   ____ _____  _    ____ _____ _____ ____  
|_   _| ____/ ___|_   _| / ___|_   _|/ \  |  _ \_   _| ____|  _ \ 
  | | |  _| \___ \ | |   \___ \ | | / _ \ | |_) || | |  _| | | | |
  | | | |___ ___) || |    ___) || |/ ___ \|  _ < | | | |___| |_| |
  |_| |_____|____/ |_|   |____/ |_/_/   \_\_| \_\|_| |_____|____/ 
                                                                  

TEST STARTED: prediccion[24]
-------------------------------------------------------------------
[TestDefraudadores-1-thread-3] INFO net.serenitybdd.core.Serenity - TEST NUMBER: 37
]]></system-err>
  </testcase>
  <testcase name="prediccion[23]" classname="com.sura.frauddetection.runner.TestDefraudadores" time="0.008"/>
  <testcase name="prediccion[25]" classname="com.sura.frauddetection.runner.TestDefraudadores" time="0.005"/>
  <testcase name="prediccion[24]" classname="com.sura.frauddetection.runner.TestDefraudadores" time="0.005">
    <failure message="El empleado expected:&lt;[S]ospechoso de fraude&gt; but was:&lt;[No es s]ospechoso de fraude&gt;" type="java.lang.AssertionError"><![CDATA[java.lang.AssertionError: El empleado expected:<[S]ospechoso de fraude> but was:<[No es s]ospechoso de fraude>
	at com.sura.frauddetection.runner.TestDefraudadores.prediccion(TestDefraudadores.java:37)
]]></failure>
  </testcase>
  <testcase name="prediccion[24]" classname="com.sura.frauddetection.runner.TestDefraudadores" time="0.001">
    <failure message="El empleado expected:&lt;[S]ospechoso de fraude&gt; but was:&lt;[No es s]ospechoso de fraude&gt;" type="java.lang.AssertionError"><![CDATA[java.lang.AssertionError: El empleado expected:<[S]ospechoso de fraude> but was:<[No es s]ospechoso de fraude>
	at com.sura.frauddetection.runner.TestDefraudadores.prediccion(TestDefraudadores.java:37)
]]></failure>
    <system-err><![CDATA[[TestDefraudadores-1-thread-1] INFO net.thucydides.core.steps.ConsoleLoggingListener - Test Suite Started: Test defraudadores
[TestDefraudadores-1-thread-1] INFO net.thucydides.core.steps.ConsoleLoggingListener - 
 _____ _____ ____ _____   ____ _____  _    ____ _____ _____ ____  
|_   _| ____/ ___|_   _| / ___|_   _|/ \  |  _ \_   _| ____|  _ \ 
  | | |  _| \___ \ | |   \___ \ | | / _ \ | |_) || | |  _| | | | |
  | | | |___ ___) || |    ___) || |/ ___ \|  _ < | | | |___| |_| |
  |_| |_____|____/ |_|   |____/ |_/_/   \_\_| \_\|_| |_____|____/ 
                                                                  

TEST STARTED: prediccion[29]
-------------------------------------------------------------------
[TestDefraudadores-1-thread-1] INFO net.serenitybdd.core.Serenity - TEST NUMBER: 43
]]></system-err>
  </testcase>
  <testcase name="prediccion[26]" classname="com.sura.frauddetection.runner.TestDefraudadores" time="0.012">
    <failure message="El empleado expected:&lt;[S]ospechoso de fraude&gt; but was:&lt;[No es s]ospechoso de fraude&gt;" type="java.lang.AssertionError"><![CDATA[java.lang.AssertionError: El empleado expected:<[S]ospechoso de fraude> but was:<[No es s]ospechoso de fraude>
	at com.sura.frauddetection.runner.TestDefraudadores.prediccion(TestDefraudadores.java:37)
]]></failure>
    <system-err><![CDATA[[TestDefraudadores-1-thread-1] INFO net.thucydides.core.steps.ConsoleLoggingListener - &amp#27;[92m
        __    _____ _____ ____ _____   ____   _    ____  ____  _____ ____  
  _     \ \  |_   _| ____/ ___|_   _| |  _ \ / \  / ___|/ ___|| ____|  _ \ 
 (_)_____| |   | | |  _| \___ \ | |   | |_) / _ \ \___ \\___ \|  _| | | | |
  _|_____| |   | | | |___ ___) || |   |  __/ ___ \ ___) |___) | |___| |_| |
 (_)     | |   |_| |_____|____/ |_|   |_| /_/   \_\____/|____/|_____|____/ 
        /_/                                                                

TEST PASSED: Prediccion
----------------------------------------------------------------------------&amp#27;[0m
[TestDefraudadores-1-thread-4] ERROR net.thucydides.core.steps.ConsoleLoggingListener - &amp#27;[91m
           __  _____ _____ ____ _____   _____ _    ___ _     _____ ____  
  _       / / |_   _| ____/ ___|_   _| |  ___/ \  |_ _| |   | ____|  _ \ 
 (_)_____| |    | | |  _| \___ \ | |   | |_ / _ \  | || |   |  _| | | | |
  _|_____| |    | | | |___ ___) || |   |  _/ ___ \ | || |___| |___| |_| |
 (_)     | |    |_| |_____|____/ |_|   |_|/_/   \_\___|_____|_____|____/ 
          \_\                                                            

TEST FAILED: Prediccion
--------------------------------------------------------------------------&amp#27;[0m
[TestDefraudadores-1-thread-4] ERROR net.thucydides.core.steps.ConsoleLoggingListener - &amp#27;[91mTEST FAILED AT STEP Entonces se debe obtener una prediccion&amp#27;[0m
[TestDefraudadores-1-thread-4] ERROR net.thucydides.core.steps.ConsoleLoggingListener - El empleado expected:<[S]ospechoso de fraude> but was:<[No es s]ospechoso de fraude>
]]></system-err>
  </testcase>
  <testcase name="prediccion[26]" classname="com.sura.frauddetection.runner.TestDefraudadores" time="0.002">
    <failure message="El empleado expected:&lt;[S]ospechoso de fraude&gt; but was:&lt;[No es s]ospechoso de fraude&gt;" type="java.lang.AssertionError"><![CDATA[java.lang.AssertionError: El empleado expected:<[S]ospechoso de fraude> but was:<[No es s]ospechoso de fraude>
	at com.sura.frauddetection.runner.TestDefraudadores.prediccion(TestDefraudadores.java:37)
]]></failure>
  </testcase>
  <testcase name="prediccion[27]" classname="com.sura.frauddetection.runner.TestDefraudadores" time="0.001"/>
  <testcase name="prediccion[28]" classname="com.sura.frauddetection.runner.TestDefraudadores" time="0">
    <failure message="El empleado expected:&lt;[S]ospechoso de fraude&gt; but was:&lt;[No es s]ospechoso de fraude&gt;" type="java.lang.AssertionError"><![CDATA[java.lang.AssertionError: El empleado expected:<[S]ospechoso de fraude> but was:<[No es s]ospechoso de fraude>
	at com.sura.frauddetection.runner.TestDefraudadores.prediccion(TestDefraudadores.java:37)
]]></failure>
    <system-err><![CDATA[[TestDefraudadores-1-thread-4] INFO net.thucydides.core.steps.ConsoleLoggingListener - Test Suite Started: Test defraudadores
[TestDefraudadores-1-thread-4] INFO net.thucydides.core.steps.ConsoleLoggingListener - 
 _____ _____ ____ _____   ____ _____  _    ____ _____ _____ ____  
|_   _| ____/ ___|_   _| / ___|_   _|/ \  |  _ \_   _| ____|  _ \ 
  | | |  _| \___ \ | |   \___ \ | | / _ \ | |_) || | |  _| | | | |
  | | | |___ ___) || |    ___) || |/ ___ \|  _ < | | | |___| |_| |
  |_| |_____|____/ |_|   |____/ |_/_/   \_\_| \_\|_| |_____|____/ 
                                                                  

TEST STARTED: prediccion[28]
-------------------------------------------------------------------
[TestDefraudadores-1-thread-4] INFO net.serenitybdd.core.Serenity - TEST NUMBER: 42
[TestDefraudadores-1-thread-1] INFO net.thucydides.core.steps.ConsoleLoggingListener - &amp#27;[92m
        __    _____ _____ ____ _____   ____   _    ____  ____  _____ ____  
  _     \ \  |_   _| ____/ ___|_   _| |  _ \ / \  / ___|/ ___|| ____|  _ \ 
 (_)_____| |   | | |  _| \___ \ | |   | |_) / _ \ \___ \\___ \|  _| | | | |
  _|_____| |   | | | |___ ___) || |   |  __/ ___ \ ___) |___) | |___| |_| |
 (_)     | |   |_| |_____|____/ |_|   |_| /_/   \_\____/|____/|_____|____/ 
        /_/                                                                

TEST PASSED: Prediccion
----------------------------------------------------------------------------&amp#27;[0m
[TestDefraudadores-1-thread-2] ERROR net.thucydides.core.steps.ConsoleLoggingListener - &amp#27;[91m
           __  _____ _____ ____ _____   _____ _    ___ _     _____ ____  
  _       / / |_   _| ____/ ___|_   _| |  ___/ \  |_ _| |   | ____|  _ \ 
 (_)_____| |    | | |  _| \___ \ | |   | |_ / _ \  | || |   |  _| | | | |
  _|_____| |    | | | |___ ___) || |   |  _/ ___ \ | || |___| |___| |_| |
 (_)     | |    |_| |_____|____/ |_|   |_|/_/   \_\___|_____|_____|____/ 
          \_\                                                            

TEST FAILED: Prediccion
--------------------------------------------------------------------------&amp#27;[0m
[TestDefraudadores-1-thread-2] ERROR net.thucydides.core.steps.ConsoleLoggingListener - &amp#27;[91mTEST FAILED AT STEP Entonces se debe obtener una prediccion&amp#27;[0m
[TestDefraudadores-1-thread-2] ERROR net.thucydides.core.steps.ConsoleLoggingListener - El empleado expected:<[S]ospechoso de fraude> but was:<[No es s]ospechoso de fraude>
[TestDefraudadores-1-thread-2] INFO net.serenitybdd.junit.runners.SerenityRunner - Retrying class com.sura.frauddetection.runner.TestDefraudadores prediccion: attempt 0
]]></system-err>
  </testcase>
  <testcase name="prediccion[28]" classname="com.sura.frauddetection.runner.TestDefraudadores" time="0.002">
    <failure message="El empleado expected:&lt;[S]ospechoso de fraude&gt; but was:&lt;[No es s]ospechoso de fraude&gt;" type="java.lang.AssertionError"><![CDATA[java.lang.AssertionError: El empleado expected:<[S]ospechoso de fraude> but was:<[No es s]ospechoso de fraude>
	at com.sura.frauddetection.runner.TestDefraudadores.prediccion(TestDefraudadores.java:37)
]]></failure>
    <system-err><![CDATA[[TestDefraudadores-1-thread-4] ERROR net.thucydides.core.steps.ConsoleLoggingListener - &amp#27;[91m
           __  _____ _____ ____ _____   _____ _    ___ _     _____ ____  
  _       / / |_   _| ____/ ___|_   _| |  ___/ \  |_ _| |   | ____|  _ \ 
 (_)_____| |    | | |  _| \___ \ | |   | |_ / _ \  | || |   |  _| | | | |
  _|_____| |    | | | |___ ___) || |   |  _/ ___ \ | || |___| |___| |_| |
 (_)     | |    |_| |_____|____/ |_|   |_|/_/   \_\___|_____|_____|____/ 
          \_\                                                            

TEST FAILED: Prediccion
--------------------------------------------------------------------------&amp#27;[0m
[TestDefraudadores-1-thread-4] ERROR net.thucydides.core.steps.ConsoleLoggingListener - &amp#27;[91mTEST FAILED AT STEP Entonces se debe obtener una prediccion&amp#27;[0m
[TestDefraudadores-1-thread-4] ERROR net.thucydides.core.steps.ConsoleLoggingListener - El empleado expected:<[S]ospechoso de fraude> but was:<[No es s]ospechoso de fraude>
[TestDefraudadores-1-thread-4] INFO net.serenitybdd.junit.runners.SerenityRunner - Retrying class com.sura.frauddetection.runner.TestDefraudadores prediccion: attempt 0
[TestDefraudadores-1-thread-1] INFO net.thucydides.core.steps.ConsoleLoggingListener - &amp#27;[92m
        __    _____ _____ ____ _____   ____   _    ____  ____  _____ ____  
  _     \ \  |_   _| ____/ ___|_   _| |  _ \ / \  / ___|/ ___|| ____|  _ \ 
 (_)_____| |   | | |  _| \___ \ | |   | |_) / _ \ \___ \\___ \|  _| | | | |
  _|_____| |   | | | |___ ___) || |   |  __/ ___ \ ___) |___) | |___| |_| |
 (_)     | |   |_| |_____|____/ |_|   |_| /_/   \_\____/|____/|_____|____/ 
        /_/                                                                

TEST PASSED: Prediccion
----------------------------------------------------------------------------&amp#27;[0m
[TestDefraudadores-1-thread-4] INFO net.thucydides.core.steps.ConsoleLoggingListener - 
 _____ _____ ____ _____   ____ _____  _    ____ _____ _____ ____  
|_   _| ____/ ___|_   _| / ___|_   _|/ \  |  _ \_   _| ____|  _ \ 
  | | |  _| \___ \ | |   \___ \ | | / _ \ | |_) || | |  _| | | | |
  | | | |___ ___) || |    ___) || |/ ___ \|  _ < | | | |___| |_| |
  |_| |_____|____/ |_|   |____/ |_/_/   \_\_| \_\|_| |_____|____/ 
                                                                  

TEST STARTED: prediccion[28]
-------------------------------------------------------------------
[TestDefraudadores-1-thread-4] INFO net.serenitybdd.core.Serenity - TEST NUMBER: 45
[TestDefraudadores-1-thread-3] ERROR net.thucydides.core.steps.ConsoleLoggingListener - &amp#27;[91m
           __  _____ _____ ____ _____   _____ _    ___ _     _____ ____  
  _       / / |_   _| ____/ ___|_   _| |  ___/ \  |_ _| |   | ____|  _ \ 
 (_)_____| |    | | |  _| \___ \ | |   | |_ / _ \  | || |   |  _| | | | |
  _|_____| |    | | | |___ ___) || |   |  _/ ___ \ | || |___| |___| |_| |
 (_)     | |    |_| |_____|____/ |_|   |_|/_/   \_\___|_____|_____|____/ 
          \_\                                                            

TEST FAILED: Prediccion
--------------------------------------------------------------------------&amp#27;[0m
[TestDefraudadores-1-thread-3] ERROR net.thucydides.core.steps.ConsoleLoggingListener - &amp#27;[91mTEST FAILED AT STEP Entonces se debe obtener una prediccion&amp#27;[0m
[TestDefraudadores-1-thread-3] ERROR net.thucydides.core.steps.ConsoleLoggingListener - El empleado expected:<[S]ospechoso de fraude> but was:<[No es s]ospechoso de fraude>
[TestDefraudadores-1-thread-1] INFO net.thucydides.core.steps.ConsoleLoggingListener - Test Suite Started: Test defraudadores
[TestDefraudadores-1-thread-1] INFO net.thucydides.core.steps.ConsoleLoggingListener - 
 _____ _____ ____ _____   ____ _____  _    ____ _____ _____ ____  
|_   _| ____/ ___|_   _| / ___|_   _|/ \  |  _ \_   _| ____|  _ \ 
  | | |  _| \___ \ | |   \___ \ | | / _ \ | |_) || | |  _| | | | |
  | | | |___ ___) || |    ___) || |/ ___ \|  _ < | | | |___| |_| |
  |_| |_____|____/ |_|   |____/ |_/_/   \_\_| \_\|_| |_____|____/ 
                                                                  

TEST STARTED: prediccion[30]
-------------------------------------------------------------------
[TestDefraudadores-1-thread-1] INFO net.serenitybdd.core.Serenity - TEST NUMBER: 46
]]></system-err>
  </testcase>
  <testcase name="prediccion[29]" classname="com.sura.frauddetection.runner.TestDefraudadores" time="0.003"/>
  <testcase name="prediccion[30]" classname="com.sura.frauddetection.runner.TestDefraudadores" time="0.006">
    <failure message="El empleado expected:&lt;[S]ospechoso de fraude&gt; but was:&lt;[No es s]ospechoso de fraude&gt;" type="java.lang.AssertionError"><![CDATA[java.lang.AssertionError: El empleado expected:<[S]ospechoso de fraude> but was:<[No es s]ospechoso de fraude>
	at com.sura.frauddetection.runner.TestDefraudadores.prediccion(TestDefraudadores.java:37)
]]></failure>
    <system-err><![CDATA[[TestDefraudadores-1-thread-2] ERROR net.thucydides.core.steps.ConsoleLoggingListener - &amp#27;[91m
           __  _____ _____ ____ _____   _____ _    ___ _     _____ ____  
  _       / / |_   _| ____/ ___|_   _| |  ___/ \  |_ _| |   | ____|  _ \ 
 (_)_____| |    | | |  _| \___ \ | |   | |_ / _ \  | || |   |  _| | | | |
  _|_____| |    | | | |___ ___) || |   |  _/ ___ \ | || |___| |___| |_| |
 (_)     | |    |_| |_____|____/ |_|   |_|/_/   \_\___|_____|_____|____/ 
          \_\                                                            

TEST FAILED: Prediccion
--------------------------------------------------------------------------&amp#27;[0m
[TestDefraudadores-1-thread-2] ERROR net.thucydides.core.steps.ConsoleLoggingListener - &amp#27;[91mTEST FAILED AT STEP Entonces se debe obtener una prediccion&amp#27;[0m
[TestDefraudadores-1-thread-2] ERROR net.thucydides.core.steps.ConsoleLoggingListener - El empleado expected:<[S]ospechoso de fraude> but was:<[No es s]ospechoso de fraude>
]]></system-err>
  </testcase>
  <testcase name="prediccion[30]" classname="com.sura.frauddetection.runner.TestDefraudadores" time="0.004">
    <failure message="El empleado expected:&lt;[S]ospechoso de fraude&gt; but was:&lt;[No es s]ospechoso de fraude&gt;" type="java.lang.AssertionError"><![CDATA[java.lang.AssertionError: El empleado expected:<[S]ospechoso de fraude> but was:<[No es s]ospechoso de fraude>
	at com.sura.frauddetection.runner.TestDefraudadores.prediccion(TestDefraudadores.java:37)
]]></failure>
    <system-err><![CDATA[[TestDefraudadores-1-thread-4] ERROR net.thucydides.core.steps.ConsoleLoggingListener - &amp#27;[91m
           __  _____ _____ ____ _____   _____ _    ___ _     _____ ____  
  _       / / |_   _| ____/ ___|_   _| |  ___/ \  |_ _| |   | ____|  _ \ 
 (_)_____| |    | | |  _| \___ \ | |   | |_ / _ \  | || |   |  _| | | | |
  _|_____| |    | | | |___ ___) || |   |  _/ ___ \ | || |___| |___| |_| |
 (_)     | |    |_| |_____|____/ |_|   |_|/_/   \_\___|_____|_____|____/ 
          \_\                                                            

TEST FAILED: Prediccion
--------------------------------------------------------------------------&amp#27;[0m
[TestDefraudadores-1-thread-4] ERROR net.thucydides.core.steps.ConsoleLoggingListener - &amp#27;[91mTEST FAILED AT STEP Entonces se debe obtener una prediccion&amp#27;[0m
[TestDefraudadores-1-thread-4] ERROR net.thucydides.core.steps.ConsoleLoggingListener - El empleado expected:<[S]ospechoso de fraude> but was:<[No es s]ospechoso de fraude>
[TestDefraudadores-1-thread-1] ERROR net.thucydides.core.steps.ConsoleLoggingListener - &amp#27;[91m
           __  _____ _____ ____ _____   _____ _    ___ _     _____ ____  
  _       / / |_   _| ____/ ___|_   _| |  ___/ \  |_ _| |   | ____|  _ \ 
 (_)_____| |    | | |  _| \___ \ | |   | |_ / _ \  | || |   |  _| | | | |
  _|_____| |    | | | |___ ___) || |   |  _/ ___ \ | || |___| |___| |_| |
 (_)     | |    |_| |_____|____/ |_|   |_|/_/   \_\___|_____|_____|____/ 
          \_\                                                            

TEST FAILED: Prediccion
--------------------------------------------------------------------------&amp#27;[0m
[TestDefraudadores-1-thread-1] ERROR net.thucydides.core.steps.ConsoleLoggingListener - &amp#27;[91mTEST FAILED AT STEP Entonces se debe obtener una prediccion&amp#27;[0m
[TestDefraudadores-1-thread-1] ERROR net.thucydides.core.steps.ConsoleLoggingListener - El empleado expected:<[S]ospechoso de fraude> but was:<[No es s]ospechoso de fraude>
[TestDefraudadores-1-thread-1] INFO net.serenitybdd.junit.runners.SerenityRunner - Retrying class com.sura.frauddetection.runner.TestDefraudadores prediccion: attempt 0
[TestDefraudadores-1-thread-1] INFO net.thucydides.core.steps.ConsoleLoggingListener - 
 _____ _____ ____ _____   ____ _____  _    ____ _____ _____ ____  
|_   _| ____/ ___|_   _| / ___|_   _|/ \  |  _ \_   _| ____|  _ \ 
  | | |  _| \___ \ | |   \___ \ | | / _ \ | |_) || | |  _| | | | |
  | | | |___ ___) || |    ___) || |/ ___ \|  _ < | | | |___| |_| |
  |_| |_____|____/ |_|   |____/ |_/_/   \_\_| \_\|_| |_____|____/ 
                                                                  

TEST STARTED: prediccion[30]
-------------------------------------------------------------------
[TestDefraudadores-1-thread-1] INFO net.serenitybdd.core.Serenity - TEST NUMBER: 47
]]></system-err>
  </testcase>
</testsuite>