<?xml version="1.0" encoding="UTF-8"?><testsuite errors="0" failures="16" name="com.sura.frauddetection.runner.TestDefraudadores" skipped="0" tests="31" time="0.13" timestamp="2019-08-14 07:26:30"><testcase classname="com.sura.frauddetection.runner.TestDefraudadores" name="Prediccion"><failure message="El empleado expected:&lt;[S]ospechoso de fraude&gt; but was:&lt;[No es s]ospechoso de fraude&gt;" type="java.lang.AssertionError">El empleado expected:&lt;[S]ospechoso de fraude&gt; but was:&lt;[No es s]ospechoso de fraude&gt;</failure><system-err>El empleado expected:&lt;[S]ospechoso de fraude&gt; but was:&lt;[No es s]ospechoso de fraude&gt;&#13;
com.sura.frauddetection.AnalisisDefraudadores.generarReporte(AnalisisDefraudadores.java:33)&#13;
com.sura.frauddetection.steps.PrediccionesSteps.entoncesSeDebeObtenerUnaPrediccion(PrediccionesSteps.java:20)&#13;
com.sura.frauddetection.runner.TestDefraudadores.prediccion(TestDefraudadores.java:37)&#13;
</system-err></testcase></testsuite>