<?xml version="1.0" encoding="UTF-8"?><testsuite errors="0" failures="4" name="com.sura.frauddetection.runner.TestDefraudadores" skipped="0" tests="480" time="2.61" timestamp="2019-10-28 01:11:45"><testcase classname="com.sura.frauddetection.runner.TestDefraudadores" name="Prediccion"><failure message="El empleado expected:&lt;[[0]]&gt; but was:&lt;[[1]]&gt;" type="java.lang.AssertionError">El empleado expected:&lt;[[0]]&gt; but was:&lt;[[1]]&gt;</failure><system-err>El empleado expected:&lt;[[0]]&gt; but was:&lt;[[1]]&gt;&#13;
com.sura.frauddetection.AnalisisDefraudadores.generarReporte(AnalisisDefraudadores.java:33)&#13;
com.sura.frauddetection.steps.PrediccionesSteps.entoncesSeDebeObtenerUnaPrediccion(PrediccionesSteps.java:20)&#13;
com.sura.frauddetection.runner.TestDefraudadores.prediccion(TestDefraudadores.java:37)&#13;
</system-err></testcase></testsuite>